2021-10-11 00:13:48.614 - INFO - 6000 - azureml.train.automl._local_managed_utils.is_docker_installed:354 - Docker is installed with Docker version 20.10.8+azure, build 3967b7d28e15a020e4ee344283128ead633b3e0c
.
2021-10-11 00:13:48.616 - INFO - 6000 - azureml.train.automl.automlconfig._start_execution:217 - Submitting remote.
2021-10-11 01:00:01.107 - INFO - 3786 - azureml.train.automl._local_managed_utils.is_docker_installed:354 - Docker is installed with Docker version 20.10.8+azure, build 3967b7d28e15a020e4ee344283128ead633b3e0c
.
2021-10-11 01:00:01.195 - INFO - 3786 - azureml.train.automl.automlconfig._start_execution:217 - Submitting remote.
2021-10-11 17:02:27.711 - INFO - 5324 - azureml.train.automl._local_managed_utils.is_docker_installed:354 - Docker is installed with Docker version 20.10.8+azure, build 3967b7d28e15a020e4ee344283128ead633b3e0c
.
2021-10-11 17:02:27.742 - INFO - 5324 - azureml.train.automl.automlconfig._start_execution:217 - Submitting remote.
2021-10-11 17:55:13.366 - INFO - 5324 - azureml.train.automl.run._log_activity:55 - ActivityStarted: GetOutput
2021-10-11 17:55:13.397 - INFO - 5324 - azureml.train.automl.run._log_activity:55 - ActivityStarted: GetOutput
2021-10-11 17:55:13.424 - INFO - 5324 - azureml.train.automl.run._log_activity:55 - ActivityStarted: GetChildren
2021-10-11 17:55:13.563 - INFO - 5324 - azureml.train.automl.run._log_activity:93 - ActivityCompleted: Activity=GetChildren, HowEnded=Success, Duration=139.2[ms]
2021-10-11 17:55:13.651 - INFO - 5324 - azureml.train.automl.run._log_activity:93 - ActivityCompleted: Activity=GetOutput, HowEnded=Success, Duration=254.07[ms]
2021-10-11 17:55:13.657 - INFO - 5324 - azureml.train.automl._model_download_utilities._log_activity:55 - ActivityStarted: DownloadModel
2021-10-11 17:55:22.548 - INFO - 5324 - azureml.automl.runtime.distributed.utilities.horovod_initialized:70 - Horovod not found in current environment. Distribution via Horovod will be disabled.
2021-10-11 17:55:24.975 - INFO - 5324 - azureml.automl.runtime.featurization.data_transformer.__init__:168 - Feature sweeping enabled: False
2021-10-11 17:55:24.982 - INFO - 5324 - azureml.automl.runtime.featurization.data_transformer.__init__:169 - Feature sweeping timeout: 86400
2021-10-11 17:55:27.612 - INFO - 5324 - azureml.train.automl._model_download_utilities._log_activity:93 - ActivityCompleted: Activity=DownloadModel, HowEnded=Success, Duration=13955.35[ms]
2021-10-11 17:55:27.649 - INFO - 5324 - azureml.train.automl.run._log_activity:93 - ActivityCompleted: Activity=GetOutput, HowEnded=Success, Duration=14282.89[ms]
