2021-12-11 12:58:29.013 - INFO - 4648 - azureml.automl.core.dataset_utilities._save_datasets_to_json:131 - JSON serialization of input of type <class 'NoneType'> is un-supported.
2021-12-11 12:58:29.028 - INFO - 4648 - azureml.train.automl._experiment_drivers.driver_utilities.validate_input:124 - Start data validation.
2021-12-11 12:58:29.090 - INFO - 4648 - azureml.train.automl._experiment_drivers.driver_utilities.validate_input:137 - Validation service found the data has no errors.
2021-12-11 14:16:48.117 - INFO - 4648 - azureml.automl.runtime.distributed.utilities.horovod_initialized:70 - Horovod not found in current environment. Distribution via Horovod will be disabled.
2021-12-11 14:16:50.673 - INFO - 4648 - azureml.automl.runtime.featurization.data_transformer.__init__:168 - Feature sweeping enabled: False
2021-12-11 14:16:50.674 - INFO - 4648 - azureml.automl.runtime.featurization.data_transformer.__init__:169 - Feature sweeping timeout: 86400
2021-12-11 14:17:14.384 - INFO - 4648 - azureml.automl.runtime.featurization.data_transformer._apply_transforms:503 - Starting to apply transforms. Total ram: 14677884928 bytes
2021-12-11 14:17:14.448 - INFO - 4648 - azureml.automl.runtime.featurization.data_transformer._apply_transforms:514 - Transform memory estimate: 0 bytes, Current available memory: 8556171264 bytes
2021-12-11 14:17:14.454 - INFO - 4648 - azureml.automl.runtime.featurization.data_transformer._apply_transforms:524 - CatImputer,StringCastTransformer,LabelEncoderTransformer: Applying transform.
2021-12-11 14:17:14.469 - INFO - 4648 - azureml.automl.runtime.featurization.data_transformer._apply_transforms:538 - CatImputer,StringCastTransformer,LabelEncoderTransformer: Finished applying transform. Shape (1409, 1)
2021-12-11 14:17:14.473 - INFO - 4648 - azureml.automl.runtime.featurization.data_transformer._apply_transforms:514 - Transform memory estimate: 0 bytes, Current available memory: 8556171264 bytes
2021-12-11 14:17:14.478 - INFO - 4648 - azureml.automl.runtime.featurization.data_transformer._apply_transforms:524 - CatImputer,StringCastTransformer,LabelEncoderTransformer: Applying transform.
2021-12-11 14:17:14.489 - INFO - 4648 - azureml.automl.runtime.featurization.data_transformer._apply_transforms:538 - CatImputer,StringCastTransformer,LabelEncoderTransformer: Finished applying transform. Shape (1409, 1)
2021-12-11 14:17:14.494 - INFO - 4648 - azureml.automl.runtime.featurization.data_transformer._apply_transforms:514 - Transform memory estimate: 0 bytes, Current available memory: 8556171264 bytes
2021-12-11 14:17:14.499 - INFO - 4648 - azureml.automl.runtime.featurization.data_transformer._apply_transforms:524 - CatImputer,StringCastTransformer,LabelEncoderTransformer: Applying transform.
2021-12-11 14:17:14.508 - INFO - 4648 - azureml.automl.runtime.featurization.data_transformer._apply_transforms:538 - CatImputer,StringCastTransformer,LabelEncoderTransformer: Finished applying transform. Shape (1409, 1)
2021-12-11 14:17:14.513 - INFO - 4648 - azureml.automl.runtime.featurization.data_transformer._apply_transforms:514 - Transform memory estimate: 0 bytes, Current available memory: 8556171264 bytes
2021-12-11 14:17:14.518 - INFO - 4648 - azureml.automl.runtime.featurization.data_transformer._apply_transforms:524 - CatImputer,StringCastTransformer,LabelEncoderTransformer: Applying transform.
2021-12-11 14:17:14.526 - INFO - 4648 - azureml.automl.runtime.featurization.data_transformer._apply_transforms:538 - CatImputer,StringCastTransformer,LabelEncoderTransformer: Finished applying transform. Shape (1409, 1)
2021-12-11 14:17:14.531 - INFO - 4648 - azureml.automl.runtime.featurization.data_transformer._apply_transforms:514 - Transform memory estimate: 0 bytes, Current available memory: 8556171264 bytes
2021-12-11 14:17:14.536 - INFO - 4648 - azureml.automl.runtime.featurization.data_transformer._apply_transforms:524 - CatImputer,StringCastTransformer,LabelEncoderTransformer: Applying transform.
2021-12-11 14:17:14.544 - INFO - 4648 - azureml.automl.runtime.featurization.data_transformer._apply_transforms:538 - CatImputer,StringCastTransformer,LabelEncoderTransformer: Finished applying transform. Shape (1409, 1)
2021-12-11 14:17:14.549 - INFO - 4648 - azureml.automl.runtime.featurization.data_transformer._apply_transforms:514 - Transform memory estimate: 0 bytes, Current available memory: 8556171264 bytes
2021-12-11 14:17:14.550 - INFO - 4648 - azureml.automl.runtime.featurization.data_transformer._apply_transforms:524 - StringCastTransformer,CountVectorizer: Applying transform.
2021-12-11 14:17:14.561 - INFO - 4648 - azureml.automl.runtime.featurization.data_transformer._apply_transforms:538 - StringCastTransformer,CountVectorizer: Finished applying transform. Shape (1409, 3)
2021-12-11 14:17:14.561 - INFO - 4648 - azureml.automl.runtime.featurization.data_transformer._apply_transforms:514 - Transform memory estimate: 0 bytes, Current available memory: 8556171264 bytes
2021-12-11 14:17:14.561 - INFO - 4648 - azureml.automl.runtime.featurization.data_transformer._apply_transforms:524 - StringCastTransformer,CountVectorizer: Applying transform.
2021-12-11 14:17:14.566 - INFO - 4648 - azureml.automl.runtime.featurization.data_transformer._apply_transforms:538 - StringCastTransformer,CountVectorizer: Finished applying transform. Shape (1409, 3)
2021-12-11 14:17:14.566 - INFO - 4648 - azureml.automl.runtime.featurization.data_transformer._apply_transforms:514 - Transform memory estimate: 0 bytes, Current available memory: 8556171264 bytes
2021-12-11 14:17:14.566 - INFO - 4648 - azureml.automl.runtime.featurization.data_transformer._apply_transforms:524 - StringCastTransformer,CountVectorizer: Applying transform.
2021-12-11 14:17:14.570 - INFO - 4648 - azureml.automl.runtime.featurization.data_transformer._apply_transforms:538 - StringCastTransformer,CountVectorizer: Finished applying transform. Shape (1409, 3)
2021-12-11 14:17:14.570 - INFO - 4648 - azureml.automl.runtime.featurization.data_transformer._apply_transforms:514 - Transform memory estimate: 0 bytes, Current available memory: 8556171264 bytes
2021-12-11 14:17:14.571 - INFO - 4648 - azureml.automl.runtime.featurization.data_transformer._apply_transforms:524 - StringCastTransformer,CountVectorizer: Applying transform.
2021-12-11 14:17:14.575 - INFO - 4648 - azureml.automl.runtime.featurization.data_transformer._apply_transforms:538 - StringCastTransformer,CountVectorizer: Finished applying transform. Shape (1409, 3)
2021-12-11 14:17:14.575 - INFO - 4648 - azureml.automl.runtime.featurization.data_transformer._apply_transforms:514 - Transform memory estimate: 0 bytes, Current available memory: 8556171264 bytes
2021-12-11 14:17:14.575 - INFO - 4648 - azureml.automl.runtime.featurization.data_transformer._apply_transforms:524 - StringCastTransformer,CountVectorizer: Applying transform.
2021-12-11 14:17:14.579 - INFO - 4648 - azureml.automl.runtime.featurization.data_transformer._apply_transforms:538 - StringCastTransformer,CountVectorizer: Finished applying transform. Shape (1409, 3)
2021-12-11 14:17:14.579 - INFO - 4648 - azureml.automl.runtime.featurization.data_transformer._apply_transforms:514 - Transform memory estimate: 0 bytes, Current available memory: 8556171264 bytes
2021-12-11 14:17:14.580 - INFO - 4648 - azureml.automl.runtime.featurization.data_transformer._apply_transforms:524 - StringCastTransformer,CountVectorizer: Applying transform.
2021-12-11 14:17:14.584 - INFO - 4648 - azureml.automl.runtime.featurization.data_transformer._apply_transforms:538 - StringCastTransformer,CountVectorizer: Finished applying transform. Shape (1409, 3)
2021-12-11 14:17:14.584 - INFO - 4648 - azureml.automl.runtime.featurization.data_transformer._apply_transforms:514 - Transform memory estimate: 0 bytes, Current available memory: 8556171264 bytes
2021-12-11 14:17:14.584 - INFO - 4648 - azureml.automl.runtime.featurization.data_transformer._apply_transforms:524 - StringCastTransformer,CountVectorizer: Applying transform.
2021-12-11 14:17:14.589 - INFO - 4648 - azureml.automl.runtime.featurization.data_transformer._apply_transforms:538 - StringCastTransformer,CountVectorizer: Finished applying transform. Shape (1409, 3)
2021-12-11 14:17:14.589 - INFO - 4648 - azureml.automl.runtime.featurization.data_transformer._apply_transforms:514 - Transform memory estimate: 0 bytes, Current available memory: 8556171264 bytes
2021-12-11 14:17:14.589 - INFO - 4648 - azureml.automl.runtime.featurization.data_transformer._apply_transforms:524 - StringCastTransformer,CountVectorizer: Applying transform.
2021-12-11 14:17:14.593 - INFO - 4648 - azureml.automl.runtime.featurization.data_transformer._apply_transforms:538 - StringCastTransformer,CountVectorizer: Finished applying transform. Shape (1409, 3)
2021-12-11 14:17:14.593 - INFO - 4648 - azureml.automl.runtime.featurization.data_transformer._apply_transforms:514 - Transform memory estimate: 0 bytes, Current available memory: 8556171264 bytes
2021-12-11 14:17:14.594 - INFO - 4648 - azureml.automl.runtime.featurization.data_transformer._apply_transforms:524 - StringCastTransformer,CountVectorizer: Applying transform.
2021-12-11 14:17:14.598 - INFO - 4648 - azureml.automl.runtime.featurization.data_transformer._apply_transforms:538 - StringCastTransformer,CountVectorizer: Finished applying transform. Shape (1409, 3)
2021-12-11 14:17:14.598 - INFO - 4648 - azureml.automl.runtime.featurization.data_transformer._apply_transforms:514 - Transform memory estimate: 0 bytes, Current available memory: 8556171264 bytes
2021-12-11 14:17:14.598 - INFO - 4648 - azureml.automl.runtime.featurization.data_transformer._apply_transforms:524 - CatImputer,StringCastTransformer,LabelEncoderTransformer: Applying transform.
2021-12-11 14:17:14.602 - INFO - 4648 - azureml.automl.runtime.featurization.data_transformer._apply_transforms:538 - CatImputer,StringCastTransformer,LabelEncoderTransformer: Finished applying transform. Shape (1409, 1)
2021-12-11 14:17:14.602 - INFO - 4648 - azureml.automl.runtime.featurization.data_transformer._apply_transforms:514 - Transform memory estimate: 0 bytes, Current available memory: 8556171264 bytes
2021-12-11 14:17:14.602 - INFO - 4648 - azureml.automl.runtime.featurization.data_transformer._apply_transforms:524 - StringCastTransformer,CountVectorizer: Applying transform.
2021-12-11 14:17:14.606 - INFO - 4648 - azureml.automl.runtime.featurization.data_transformer._apply_transforms:538 - StringCastTransformer,CountVectorizer: Finished applying transform. Shape (1409, 4)
2021-12-11 14:17:14.607 - INFO - 4648 - azureml.automl.runtime.featurization.data_transformer._apply_transforms:514 - Transform memory estimate: 0 bytes, Current available memory: 8556171264 bytes
2021-12-11 14:17:14.607 - INFO - 4648 - azureml.automl.runtime.featurization.data_transformer._apply_transforms:524 - SimpleImputer: Applying transform.
2021-12-11 14:17:14.608 - INFO - 4648 - azureml.automl.runtime.featurization.data_transformer._apply_transforms:538 - SimpleImputer: Finished applying transform. Shape (1409, 1)
2021-12-11 14:17:14.609 - INFO - 4648 - azureml.automl.runtime.featurization.data_transformer._apply_transforms:514 - Transform memory estimate: 0 bytes, Current available memory: 8556171264 bytes
2021-12-11 14:17:14.609 - INFO - 4648 - azureml.automl.runtime.featurization.data_transformer._apply_transforms:524 - SimpleImputer: Applying transform.
2021-12-11 14:17:14.610 - INFO - 4648 - azureml.automl.runtime.featurization.data_transformer._apply_transforms:538 - SimpleImputer: Finished applying transform. Shape (1409, 1)
2021-12-11 14:17:14.611 - INFO - 4648 - azureml.automl.runtime.featurization.data_transformer._apply_transforms:514 - Transform memory estimate: 0 bytes, Current available memory: 8556171264 bytes
2021-12-11 14:17:14.611 - INFO - 4648 - azureml.automl.runtime.featurization.data_transformer._apply_transforms:524 - SimpleImputer: Applying transform.
2021-12-11 14:17:14.612 - INFO - 4648 - azureml.automl.runtime.featurization.data_transformer._apply_transforms:538 - SimpleImputer: Finished applying transform. Shape (1409, 1)
2021-12-11 14:17:14.612 - INFO - 4648 - azureml.automl.runtime.featurization.data_transformer._apply_transforms:547 - Finished applying transforms
2021-12-11 14:17:14.613 - INFO - 4648 - azureml.automl.runtime.shared.memory_utilities._is_low_memory:208 - Total ram: 14677884928 bytes, Current Available memory: 8556171264 bytes. Low memory threshold: 0.5
